            --------------------------------------------------------
                             AMBER SQM VERSION 19
 
                                     By
              Ross C. Walker, Michael F. Crowley, Scott Brozell,
                         Tim Giese, Andreas W. Goetz,
                        Tai-Sung Lee and David A. Case
 
            --------------------------------------------------------
 

--------------------------------------------------------------------------------
  QM CALCULATION INFO
--------------------------------------------------------------------------------

| QMMM: Citation for AMBER QMMM Run:
| QMMM: R.C. Walker, M.F. Crowley and D.A. Case, J. COMP. CHEM. 29:1019, 2008

QMMM: SINGLET STATE CALCULATION
QMMM: RHF CALCULATION, NO. OF DOUBLY OCCUPIED LEVELS = 15

| QMMM: *** Selected Hamiltonian *** 
| QMMM: AM1         

| QMMM: *** Parameter sets in use ***
| QMMM: C : M.J.S.DEWAR et al. JACS, 107, 3902, (1985)
| QMMM: H : M.J.S.DEWAR et al. JACS, 107, 3902, (1985)

| QMMM: *** SCF convergence criteria ***
| QMMM: Energy change                :  0.1D-09 kcal/mol
| QMMM: Error matrix |FP-PF|         :  0.1D+00 au
| QMMM: Density matrix change        :  0.5D-06
| QMMM: Maximum number of SCF cycles :     1000

| QMMM: *** Diagonalization Routine Information ***
| QMMM: Pseudo diagonalizations are allowed.
| QMMM: Auto diagonalization routine selection is in use.
| QMMM:
| QMMM: Timing diagonalization routines:
| QMMM:                              norbs =       30
| QMMM:    diag iterations used for timing =       20
| QMMM:
| QMMM:              Internal diag routine = 0.001527 seconds
| QMMM:                 Dspev diag routine = 0.002092 seconds
| QMMM:                Dspevd diag routine = 0.001946 seconds
| QMMM:                Dspevx diag routine = 0.008476 seconds
| QMMM:                 Dsyev diag routine = 0.002071 seconds
| QMMM:                Dsyevd diag routine = 0.001877 seconds
| QMMM:                Dsyevr diag routine = 0.002116 seconds
| QMMM:
| QMMM:                Pseudo diag routine = 0.000379 seconds
| QMMM:
| QMMM: Using internal diagonalization routine (diag_routine=1).

  QMMM: QM Region Cartesian Coordinates (*=link atom) 
  QMMM: QM_NO.   MM_NO.  ATOM         X         Y         Z
  QMMM:     1        1      C       25.9780    5.3270    4.7790
  QMMM:     2        2      C       26.3950    5.0740    3.4990
  QMMM:     3        3      C       26.4980    6.3790    5.4690
  QMMM:     4        4      C       27.3400    5.8600    2.9020
  QMMM:     5        5      C       27.4200    7.1960    4.8560
  QMMM:     6        6      C       27.8370    6.9210    3.5690
  QMMM:     7        7      H       25.2370    4.6920    5.2410
  QMMM:     8        8      H       25.9720    4.2430    2.9550
  QMMM:     9        9      H       26.1900    6.5700    6.4860
  QMMM:    10       10      H       27.6860    5.6330    1.9040
  QMMM:    11       11      H       27.8170    8.0520    5.3810
  QMMM:    12       12      H       28.5660    7.5600    3.0930

--------------------------------------------------------------------------------
  RESULTS
--------------------------------------------------------------------------------

      iter         sqm energy              rms gradient
      ----    -------------------    -----------------------
xmin    10       21.9332 kcal/mol        0.0007 kcal/(mol*A)
  ... geometry converged !
 
 Final MO eigenvalues (eV):
 -39.1465  -31.3700  -31.3700  -23.0602  -23.0602  -17.8556  -16.1226  -15.4003
 -14.1607  -14.1607  -13.3812  -11.8881  -11.8881   -9.6529   -9.6529    0.5547
   0.5547    2.9778    4.0360    4.0360    4.0476    4.1928    4.5985    4.5985
   5.1230    5.1230    5.6120    5.6120    5.7290    6.1333

 Heat of formation   =         21.93322328 kcal/mol  (        0.95109593 eV)

 Total SCF energy    =     -19609.69494761 kcal/mol  (     -850.34018246 eV)
 Electronic energy   =     -75026.87560186 kcal/mol  (    -3253.40946194 eV)
 Core-core repulsion =      55417.18065425 kcal/mol  (     2403.06927949 eV)
 
    Atomic Charges for Step       1 :
  Atom    Element       Mulliken Charge
     1      C                 -0.130
     2      C                 -0.130
     3      C                 -0.130
     4      C                 -0.130
     5      C                 -0.130
     6      C                 -0.130
     7      H                  0.130
     8      H                  0.130
     9      H                  0.130
    10      H                  0.130
    11      H                  0.130
    12      H                  0.130
 Total Mulliken Charge =      -0.000
 
                  X        Y        Z     TOTAL  
  QM DIPOLE    -0.000    0.000   -0.000    0.000
 
 Final Structure

  QMMM: QM Region Cartesian Coordinates (*=link atom) 
  QMMM: QM_NO.   MM_NO.  ATOM         X         Y         Z
  QMMM:     1        1      C       25.9614    5.3051    4.7866
  QMMM:     2        2      C       26.3837    5.0360    3.4846
  QMMM:     3        3      C       26.4890    6.3947    5.4799
  QMMM:     4        4      C       27.3336    5.8565    2.8758
  QMMM:     5        5      C       27.4390    7.2151    4.8711
  QMMM:     6        6      C       27.8613    6.9460    3.5690
  QMMM:     7        7      H       25.2126    4.6584    5.2665
  QMMM:     8        8      H       25.9678    4.1772    2.9381
  QMMM:     9        9      H       26.1562    6.6068    6.5063
  QMMM:    10       10      H       27.6665    5.6444    1.8494
  QMMM:    11       11      H       27.8549    8.0740    5.4176
  QMMM:    12       12      H       28.6101    7.5928    3.0891

           --------- Calculation Completed ----------

