            --------------------------------------------------------
                             AMBER SQM VERSION 19
 
                                     By
              Ross C. Walker, Michael F. Crowley, Scott Brozell,
                         Tim Giese, Andreas W. Goetz,
                        Tai-Sung Lee and David A. Case
 
            --------------------------------------------------------
 

--------------------------------------------------------------------------------
  QM CALCULATION INFO
--------------------------------------------------------------------------------

| QMMM: Citation for AMBER QMMM Run:
| QMMM: R.C. Walker, M.F. Crowley and D.A. Case, J. COMP. CHEM. 29:1019, 2008

QMMM: SINGLET STATE CALCULATION
QMMM: RHF CALCULATION, NO. OF DOUBLY OCCUPIED LEVELS = 18

| QMMM: *** Selected Hamiltonian *** 
| QMMM: AM1         

| QMMM: *** Parameter sets in use ***
| QMMM: C : M.J.S.DEWAR et al. JACS, 107, 3902, (1985)
| QMMM: H : M.J.S.DEWAR et al. JACS, 107, 3902, (1985)
| QMMM: O : M.J.S.DEWAR et al. JACS, 107, 3902, (1985)

| QMMM: *** SCF convergence criteria ***
| QMMM: Energy change                :  0.1D-09 kcal/mol
| QMMM: Error matrix |FP-PF|         :  0.1D+00 au
| QMMM: Density matrix change        :  0.5D-06
| QMMM: Maximum number of SCF cycles :     1000

| QMMM: *** Diagonalization Routine Information ***
| QMMM: Pseudo diagonalizations are allowed.
| QMMM: Auto diagonalization routine selection is in use.
| QMMM:
| QMMM: Timing diagonalization routines:
| QMMM:                              norbs =       34
| QMMM:    diag iterations used for timing =       20
| QMMM:
| QMMM:              Internal diag routine = 0.002096 seconds
| QMMM:                 Dspev diag routine = 0.003068 seconds
| QMMM:                Dspevd diag routine = 0.002339 seconds
| QMMM:                Dspevx diag routine = 0.010414 seconds
| QMMM:                 Dsyev diag routine = 0.003234 seconds
| QMMM:                Dsyevd diag routine = 0.002988 seconds
| QMMM:                Dsyevr diag routine = 0.003491 seconds
| QMMM:
| QMMM:                Pseudo diag routine = 0.000676 seconds
| QMMM:
| QMMM: Using internal diagonalization routine (diag_routine=1).

  QMMM: QM Region Cartesian Coordinates (*=link atom) 
  QMMM: QM_NO.   MM_NO.  ATOM         X         Y         Z
  QMMM:     1        1      C       25.9780    5.3270    4.7790
  QMMM:     2        2      C       26.3950    5.0740    3.4990
  QMMM:     3        3      C       26.4980    6.3790    5.4690
  QMMM:     4        4      C       27.3400    5.8600    2.9020
  QMMM:     5        5      C       27.4200    7.1960    4.8560
  QMMM:     6        6      C       27.8370    6.9210    3.5690
  QMMM:     7        7      H       25.2370    4.6920    5.2410
  QMMM:     8        8      H       25.9720    4.2430    2.9550
  QMMM:     9        9      H       26.1900    6.5700    6.4860
  QMMM:    10       10      O       27.7970    5.5600    1.5830
  QMMM:    11       11      H       28.4610    6.1610    1.2370
  QMMM:    12       12      H       27.8170    8.0520    5.3810
  QMMM:    13       13      H       28.5660    7.5600    3.0930

--------------------------------------------------------------------------------
  RESULTS
--------------------------------------------------------------------------------

      iter         sqm energy              rms gradient
      ----    -------------------    -----------------------
xmin    10      -22.3620 kcal/mol        0.0531 kcal/(mol*A)
xmin    20      -22.3623 kcal/mol        0.0006 kcal/(mol*A)
xmin    20      -22.3623 kcal/mol        0.0004 kcal/(mol*A)
  ... geometry converged !
 
 Final MO eigenvalues (eV):
 -40.1401  -37.3840  -31.6215  -30.2571  -23.6832  -23.0036  -18.9986  -17.4249
 -16.5458  -15.0469  -15.0335  -14.4060  -14.2722  -12.6448  -12.5056  -11.9406
  -9.8508   -9.1145    0.3977    0.5080    2.8395    3.0257    3.8005    3.8349
   4.0820    4.3064    4.4232    4.7203    5.0368    5.2200    5.4189    5.6119
   5.8360    6.3191

 Heat of formation   =        -22.36229313 kcal/mol  (       -0.96970180 eV)

 Total SCF energy    =     -27003.12049473 kcal/mol  (    -1170.94317223 eV)
 Electronic energy   =    -102762.72400541 kcal/mol  (    -4456.12610058 eV)
 Core-core repulsion =      75759.60351068 kcal/mol  (     3285.18292835 eV)
 
    Atomic Charges for Step       1 :
  Atom    Element       Mulliken Charge
     1      C                 -0.097
     2      C                 -0.157
     3      C                 -0.166
     4      C                  0.078
     5      C                 -0.092
     6      C                 -0.213
     7      H                  0.134
     8      H                  0.150
     9      H                  0.133
    10      O                 -0.253
    11      H                  0.217
    12      H                  0.132
    13      H                  0.133
 Total Mulliken Charge =      -0.000
 
                  X        Y        Z     TOTAL  
  QM DIPOLE     0.564    0.995    0.461    1.233
 
 Final Structure

  QMMM: QM Region Cartesian Coordinates (*=link atom) 
  QMMM: QM_NO.   MM_NO.  ATOM         X         Y         Z
  QMMM:     1        1      C       25.9697    5.3059    4.7679
  QMMM:     2        2      C       26.3904    5.0253    3.4720
  QMMM:     3        3      C       26.4931    6.3972    5.4647
  QMMM:     4        4      C       27.3517    5.8585    2.8749
  QMMM:     5        5      C       27.4462    7.2174    4.8631
  QMMM:     6        6      C       27.8833    6.9564    3.5658
  QMMM:     7        7      H       25.2174    4.6603    5.2456
  QMMM:     8        8      H       25.9887    4.1709    2.9102
  QMMM:     9        9      H       26.1528    6.6088    6.4883
  QMMM:    10       10      O       27.7313    5.5343    1.5918
  QMMM:    11       11      H       28.3908    6.1818    1.3040
  QMMM:    12       12      H       27.8583    8.0770    5.4123
  QMMM:    13       13      H       28.6343    7.6012    3.0893

           --------- Calculation Completed ----------

