            --------------------------------------------------------
                             AMBER SQM VERSION 19
 
                                     By
              Ross C. Walker, Michael F. Crowley, Scott Brozell,
                         Tim Giese, Andreas W. Goetz,
                        Tai-Sung Lee and David A. Case
 
            --------------------------------------------------------
 

--------------------------------------------------------------------------------
  QM CALCULATION INFO
--------------------------------------------------------------------------------

| QMMM: Citation for AMBER QMMM Run:
| QMMM: R.C. Walker, M.F. Crowley and D.A. Case, J. COMP. CHEM. 29:1019, 2008

QMMM: SINGLET STATE CALCULATION
QMMM: RHF CALCULATION, NO. OF DOUBLY OCCUPIED LEVELS = 18

| QMMM: *** Selected Hamiltonian *** 
| QMMM: AM1         

| QMMM: *** Parameter sets in use ***
| QMMM: C : M.J.S.DEWAR et al. JACS, 107, 3902, (1985)
| QMMM: H : M.J.S.DEWAR et al. JACS, 107, 3902, (1985)
| QMMM: Cl: M.J.S.DEWAR et al. THEOCHEM, 180, 1, (1988)

| QMMM: *** SCF convergence criteria ***
| QMMM: Energy change                :  0.1D-09 kcal/mol
| QMMM: Error matrix |FP-PF|         :  0.1D+00 au
| QMMM: Density matrix change        :  0.5D-06
| QMMM: Maximum number of SCF cycles :     1000

| QMMM: *** Diagonalization Routine Information ***
| QMMM: Pseudo diagonalizations are allowed.
| QMMM: Auto diagonalization routine selection is in use.
| QMMM:
| QMMM: Timing diagonalization routines:
| QMMM:                              norbs =       33
| QMMM:    diag iterations used for timing =       20
| QMMM:
| QMMM:              Internal diag routine = 0.001979 seconds
| QMMM:                 Dspev diag routine = 0.003564 seconds
| QMMM:                Dspevd diag routine = 0.003275 seconds
| QMMM:                Dspevx diag routine = 0.011070 seconds
| QMMM:                 Dsyev diag routine = 0.003001 seconds
| QMMM:                Dsyevd diag routine = 0.002707 seconds
| QMMM:                Dsyevr diag routine = 0.003160 seconds
| QMMM:
| QMMM:                Pseudo diag routine = 0.000485 seconds
| QMMM:
| QMMM: Using internal diagonalization routine (diag_routine=1).

  QMMM: QM Region Cartesian Coordinates (*=link atom) 
  QMMM: QM_NO.   MM_NO.  ATOM         X         Y         Z
  QMMM:     1        1      C       25.9780    5.3270    4.7790
  QMMM:     2        2      C       26.3950    5.0740    3.4990
  QMMM:     3        3      C       26.4980    6.3790    5.4690
  QMMM:     4        4      C       27.3400    5.8600    2.9020
  QMMM:     5        5      C       27.4200    7.1960    4.8560
  QMMM:     6        6      H       27.8170    8.0520    5.3810
  QMMM:     7        7      C       27.8370    6.9210    3.5690
  QMMM:     8        8      H       28.5660    7.5600    3.0930
  QMMM:     9        9      H       25.2370    4.6920    5.2410
  QMMM:    10       10      H       25.9720    4.2430    2.9550
  QMMM:    11       11      H       26.1900    6.5700    6.4860
  QMMM:    12       12      Cl      27.8650    5.5130    1.3020

--------------------------------------------------------------------------------
  RESULTS
--------------------------------------------------------------------------------

      iter         sqm energy              rms gradient
      ----    -------------------    -----------------------
xmin    10       14.7034 kcal/mol        0.0117 kcal/(mol*A)
  ... geometry converged !
 
 Final MO eigenvalues (eV):
 -39.6056  -37.4314  -31.7488  -31.3051  -23.5373  -23.3818  -18.3042  -16.6058
 -16.1105  -14.8160  -14.4732  -14.3767  -12.5430  -12.4479  -12.4193  -11.6840
  -9.9607   -9.5606    0.1546    0.2650    1.4015    2.6240    3.7281    3.7428
   3.9022    4.1741    4.3004    4.6364    4.8308    5.1705    5.2221    5.4127
   5.7472

 Heat of formation   =         14.70338524 kcal/mol  (        0.63758663 eV)

 Total SCF energy    =     -27914.26779989 kcal/mol  (    -1210.45348423 eV)
 Electronic energy   =    -100384.30958955 kcal/mol  (    -4352.99031220 eV)
 Core-core repulsion =      72470.04178966 kcal/mol  (     3142.53682796 eV)
 
    Atomic Charges for Step       1 :
  Atom    Element       Mulliken Charge
     1      C                 -0.122
     2      C                 -0.124
     3      C                 -0.129
     4      C                 -0.061
     5      C                 -0.122
     6      H                  0.137
     7      C                 -0.124
     8      H                  0.147
     9      H                  0.137
    10      H                  0.147
    11      H                  0.135
    12      Cl                -0.019
 Total Mulliken Charge =      -0.000
 
                  X        Y        Z     TOTAL  
  QM DIPOLE    -0.394    0.252    1.219    1.306
 
 Final Structure

  QMMM: QM Region Cartesian Coordinates (*=link atom) 
  QMMM: QM_NO.   MM_NO.  ATOM         X         Y         Z
  QMMM:     1        1      C       25.9620    5.3047    4.7826
  QMMM:     2        2      C       26.3786    5.0303    3.4807
  QMMM:     3        3      C       26.4902    6.3939    5.4757
  QMMM:     4        4      C       27.3310    5.8573    2.8765
  QMMM:     5        5      C       27.4397    7.2142    4.8665
  QMMM:     6        6      H       27.8571    8.0735    5.4121
  QMMM:     7        7      C       27.8652    6.9511    3.5650
  QMMM:     8        8      H       28.6141    7.5987    3.0852
  QMMM:     9        9      H       25.2130    4.6571    5.2621
  QMMM:    10       10      H       25.9614    4.1710    2.9347
  QMMM:    11       11      H       26.1581    6.6058    6.5026
  QMMM:    12       12      Cl      27.8447    5.5294    1.2883

           --------- Calculation Completed ----------

